0 info it worked if it ends with ok
1 verbose cli [ '/usr/local/bin/node',
1 verbose cli   '/usr/local/bin/npm',
1 verbose cli   'owner',
1 verbose cli   'add',
1 verbose cli   'nblank',
1 verbose cli   'uptakelunchbot' ]
2 info using npm@2.14.7
3 info using node@v4.2.3
4 verbose owner add nblank to uptakelunchbot
5 silly mapToRegistry name -/user/org.couchdb.user:nblank
6 silly mapToRegistry using default registry
7 silly mapToRegistry registry https://registry.npmjs.org/
8 silly mapToRegistry uri https://registry.npmjs.org/-/user/org.couchdb.user:nblank
9 verbose request uri https://registry.npmjs.org/-/user/org.couchdb.user:nblank
10 verbose request new user, so can't send auth
11 info attempt registry request try #1 at 2:22:03 PM
12 verbose request id 00b7c4d94e984d2f
13 http request GET https://registry.npmjs.org/-/user/org.couchdb.user:nblank
14 http 404 https://registry.npmjs.org/-/user/org.couchdb.user:nblank
15 verbose headers { 'content-type': 'application/json',
15 verbose headers   'cache-control': 'max-age=0',
15 verbose headers   'content-length': '12',
15 verbose headers   'accept-ranges': 'bytes',
15 verbose headers   date: 'Mon, 11 Jul 2016 19:22:03 GMT',
15 verbose headers   via: '1.1 varnish',
15 verbose headers   connection: 'keep-alive',
15 verbose headers   'x-served-by': 'cache-ord1740-ORD',
15 verbose headers   'x-cache': 'MISS',
15 verbose headers   'x-cache-hits': '0',
15 verbose headers   'x-timer': 'S1468264922.915578,VS0,VE86' }
16 silly get cb [ 404,
16 silly get   { 'content-type': 'application/json',
16 silly get     'cache-control': 'max-age=0',
16 silly get     'content-length': '12',
16 silly get     'accept-ranges': 'bytes',
16 silly get     date: 'Mon, 11 Jul 2016 19:22:03 GMT',
16 silly get     via: '1.1 varnish',
16 silly get     connection: 'keep-alive',
16 silly get     'x-served-by': 'cache-ord1740-ORD',
16 silly get     'x-cache': 'MISS',
16 silly get     'x-cache-hits': '0',
16 silly get     'x-timer': 'S1468264922.915578,VS0,VE86' } ]
17 error owner mutate Error getting user data for nblank
18 verbose stack Error: Registry returned 404 for GET on https://registry.npmjs.org/-/user/org.couchdb.user:nblank
18 verbose stack     at makeError (/usr/local/lib/node_modules/npm/node_modules/npm-registry-client/lib/request.js:264:12)
18 verbose stack     at CachingRegistryClient.<anonymous> (/usr/local/lib/node_modules/npm/node_modules/npm-registry-client/lib/request.js:242:14)
18 verbose stack     at Request._callback (/usr/local/lib/node_modules/npm/node_modules/npm-registry-client/lib/request.js:172:14)
18 verbose stack     at Request.self.callback (/usr/local/lib/node_modules/npm/node_modules/request/request.js:198:22)
18 verbose stack     at emitTwo (events.js:87:13)
18 verbose stack     at Request.emit (events.js:172:7)
18 verbose stack     at Request.<anonymous> (/usr/local/lib/node_modules/npm/node_modules/request/request.js:1063:14)
18 verbose stack     at emitOne (events.js:82:20)
18 verbose stack     at Request.emit (events.js:169:7)
18 verbose stack     at IncomingMessage.<anonymous> (/usr/local/lib/node_modules/npm/node_modules/request/request.js:1009:12)
19 verbose statusCode 404
20 verbose cwd /Users/nblank/uptakelunchbot
21 error Darwin 14.5.0
22 error argv "/usr/local/bin/node" "/usr/local/bin/npm" "owner" "add" "nblank" "uptakelunchbot"
23 error node v4.2.3
24 error npm  v2.14.7
25 error code E404
26 error 404 Registry returned 404 for GET on https://registry.npmjs.org/-/user/org.couchdb.user:nblank
27 verbose exit [ 1, true ]
